<?xml version="1.0" encoding="UTF-8"?>
<testsuite name="MyClassTest" tests="1" skipped="0" failures="0" errors="0" timestamp="2017-01-27T07:05:24" hostname="Tamrs-MBP.hitronhub.home" time="0.001">
  <properties/>
  <testcase name="testGetInt" classname="MyClassTest" time="0.001"/>
  <system-out><![CDATA[]]></system-out>
  <system-err><![CDATA[]]></system-err>
</testsuite>
